<?xml version="1.0" encoding="UTF-8"?>
<robot generator="Robot 6.1.1 (Python 3.7.2 on win32)" generated="20240210 18:38:30.330" rpa="false" schemaversion="4">
<suite id="s1" name="rf-Robot framework" source="D:\code\rf-Robot_framework">
<suite id="s1-s1" name="App" source="D:\code\rf-Robot_framework\App">
<suite id="s1-s1-s1" name="Testsuite" source="D:\code\rf-Robot_framework\App\Testsuite">
<kw name="set paths" type="SETUP">
<kw name="Split String" library="String">
<var>${PATH}</var>
<arg>D:\\code\\rf-Robot_framework\\App\\Testsuite</arg>
<arg>${SEPERATOR}</arg>
<doc>Splits the ``string`` using ``separator`` as a delimiter string.</doc>
<msg timestamp="20240210 18:38:30.449" level="INFO">${PATH} = ['D:', 'code', 'rf-Robot_framework', 'App', 'Testsuite']</msg>
<status status="PASS" starttime="20240210 18:38:30.449" endtime="20240210 18:38:30.450"/>
</kw>
<kw name="Get Index From List" library="Collections">
<var>${END}</var>
<arg>${PATH}</arg>
<arg>App</arg>
<doc>Returns the index of the first occurrence of the ``value`` on the list.</doc>
<msg timestamp="20240210 18:38:30.450" level="INFO">${END} = 3</msg>
<status status="PASS" starttime="20240210 18:38:30.450" endtime="20240210 18:38:30.450"/>
</kw>
<kw name="Evaluate" library="BuiltIn">
<var>${NEWEND}</var>
<arg>${END}+1</arg>
<doc>Evaluates the given expression in Python and returns the result.</doc>
<msg timestamp="20240210 18:38:30.451" level="INFO">${NEWEND} = 4</msg>
<status status="PASS" starttime="20240210 18:38:30.451" endtime="20240210 18:38:30.451"/>
</kw>
<kw name="Get Slice From List" library="Collections">
<var>@{APPPATH}</var>
<arg>${PATH}</arg>
<arg>start=0</arg>
<arg>end=${NEWEND}</arg>
<doc>Returns a slice of the given list between ``start`` and ``end`` indexes.</doc>
<msg timestamp="20240210 18:38:30.453" level="INFO">@{APPPATH} = [ D: | code | rf-Robot_framework | App ]</msg>
<status status="PASS" starttime="20240210 18:38:30.451" endtime="20240210 18:38:30.453"/>
</kw>
<kw name="Catenate" library="BuiltIn">
<var>${APPDIR}</var>
<arg>SEPARATOR=${SEPERATOR}</arg>
<arg>@{APPPATH}</arg>
<doc>Catenates the given items together and returns the resulted string.</doc>
<msg timestamp="20240210 18:38:30.454" level="INFO">${APPDIR} = D:\code\rf-Robot_framework\App</msg>
<status status="PASS" starttime="20240210 18:38:30.453" endtime="20240210 18:38:30.454"/>
</kw>
<kw name="Set Global Variable" library="BuiltIn">
<arg>${APPDIR}</arg>
<doc>Makes a variable available globally in all tests and suites.</doc>
<msg timestamp="20240210 18:38:30.455" level="INFO">${APPDIR} = D:\code\rf-Robot_framework\App</msg>
<status status="PASS" starttime="20240210 18:38:30.454" endtime="20240210 18:38:30.455"/>
</kw>
<kw name="Append To List" library="Collections">
<arg>${APPPATH}</arg>
<arg>Config</arg>
<doc>Adds ``values`` to the end of ``list``.</doc>
<status status="PASS" starttime="20240210 18:38:30.455" endtime="20240210 18:38:30.455"/>
</kw>
<kw name="Catenate" library="BuiltIn">
<var>${CONFIG_DIR}</var>
<arg>SEPARATOR=${SEPERATOR}</arg>
<arg>@{APPPATH}</arg>
<doc>Catenates the given items together and returns the resulted string.</doc>
<msg timestamp="20240210 18:38:30.456" level="INFO">${CONFIG_DIR} = D:\code\rf-Robot_framework\App\Config</msg>
<status status="PASS" starttime="20240210 18:38:30.455" endtime="20240210 18:38:30.456"/>
</kw>
<kw name="Set Global Variable" library="BuiltIn">
<arg>${CONFIG_DIR}</arg>
<doc>Makes a variable available globally in all tests and suites.</doc>
<msg timestamp="20240210 18:38:30.457" level="INFO">${CONFIG_DIR} = D:\code\rf-Robot_framework\App\Config</msg>
<status status="PASS" starttime="20240210 18:38:30.456" endtime="20240210 18:38:30.457"/>
</kw>
<kw name="Remove Values From List" library="Collections">
<arg>${APPPATH}</arg>
<arg>Config</arg>
<doc>Removes all occurrences of given ``values`` from ``list``.</doc>
<status status="PASS" starttime="20240210 18:38:30.457" endtime="20240210 18:38:30.458"/>
</kw>
<kw name="Append To List" library="Collections">
<arg>${APPPATH}</arg>
<arg>Libraries</arg>
<doc>Adds ``values`` to the end of ``list``.</doc>
<status status="PASS" starttime="20240210 18:38:30.458" endtime="20240210 18:38:30.458"/>
</kw>
<kw name="Catenate" library="BuiltIn">
<var>${LIBRARIES_DIR}</var>
<arg>SEPARATOR=${SEPERATOR}</arg>
<arg>@{APPPATH}</arg>
<doc>Catenates the given items together and returns the resulted string.</doc>
<msg timestamp="20240210 18:38:30.459" level="INFO">${LIBRARIES_DIR} = D:\code\rf-Robot_framework\App\Libraries</msg>
<status status="PASS" starttime="20240210 18:38:30.458" endtime="20240210 18:38:30.459"/>
</kw>
<kw name="Set Global Variable" library="BuiltIn">
<arg>${LIBRARIES_DIR}</arg>
<doc>Makes a variable available globally in all tests and suites.</doc>
<msg timestamp="20240210 18:38:30.460" level="INFO">${LIBRARIES_DIR} = D:\code\rf-Robot_framework\App\Libraries</msg>
<status status="PASS" starttime="20240210 18:38:30.459" endtime="20240210 18:38:30.460"/>
</kw>
<kw name="Remove Values From List" library="Collections">
<arg>${APPPATH}</arg>
<arg>Libraries</arg>
<doc>Removes all occurrences of given ``values`` from ``list``.</doc>
<status status="PASS" starttime="20240210 18:38:30.460" endtime="20240210 18:38:30.460"/>
</kw>
<kw name="Append To List" library="Collections">
<arg>${APPPATH}</arg>
<arg>Resources</arg>
<doc>Adds ``values`` to the end of ``list``.</doc>
<status status="PASS" starttime="20240210 18:38:30.461" endtime="20240210 18:38:30.461"/>
</kw>
<kw name="Catenate" library="BuiltIn">
<var>${RESOURCES_DIR}</var>
<arg>SEPARATOR=${SEPERATOR}</arg>
<arg>@{APPPATH}</arg>
<doc>Catenates the given items together and returns the resulted string.</doc>
<msg timestamp="20240210 18:38:30.462" level="INFO">${RESOURCES_DIR} = D:\code\rf-Robot_framework\App\Resources</msg>
<status status="PASS" starttime="20240210 18:38:30.461" endtime="20240210 18:38:30.462"/>
</kw>
<kw name="Set Global Variable" library="BuiltIn">
<arg>${RESOURCES_DIR}</arg>
<doc>Makes a variable available globally in all tests and suites.</doc>
<msg timestamp="20240210 18:38:30.463" level="INFO">${RESOURCES_DIR} = D:\code\rf-Robot_framework\App\Resources</msg>
<status status="PASS" starttime="20240210 18:38:30.462" endtime="20240210 18:38:30.463"/>
</kw>
<kw name="Remove Values From List" library="Collections">
<arg>${APPPATH}</arg>
<arg>Resources</arg>
<doc>Removes all occurrences of given ``values`` from ``list``.</doc>
<status status="PASS" starttime="20240210 18:38:30.463" endtime="20240210 18:38:30.464"/>
</kw>
<kw name="Append To List" library="Collections">
<arg>${APPPATH}</arg>
<arg>Testdata</arg>
<doc>Adds ``values`` to the end of ``list``.</doc>
<status status="PASS" starttime="20240210 18:38:30.464" endtime="20240210 18:38:30.464"/>
</kw>
<kw name="Catenate" library="BuiltIn">
<var>${TESTDATA_DIR}</var>
<arg>SEPARATOR=${SEPERATOR}</arg>
<arg>@{APPPATH}</arg>
<doc>Catenates the given items together and returns the resulted string.</doc>
<msg timestamp="20240210 18:38:30.465" level="INFO">${TESTDATA_DIR} = D:\code\rf-Robot_framework\App\Testdata</msg>
<status status="PASS" starttime="20240210 18:38:30.465" endtime="20240210 18:38:30.466"/>
</kw>
<kw name="Set Global Variable" library="BuiltIn">
<arg>${TESTDATA_DIR}</arg>
<doc>Makes a variable available globally in all tests and suites.</doc>
<msg timestamp="20240210 18:38:30.466" level="INFO">${TESTDATA_DIR} = D:\code\rf-Robot_framework\App\Testdata</msg>
<status status="PASS" starttime="20240210 18:38:30.466" endtime="20240210 18:38:30.466"/>
</kw>
<kw name="Remove Values From List" library="Collections">
<arg>${APPPATH}</arg>
<arg>Testdata</arg>
<doc>Removes all occurrences of given ``values`` from ``list``.</doc>
<status status="PASS" starttime="20240210 18:38:30.467" endtime="20240210 18:38:30.467"/>
</kw>
<kw name="Append To List" library="Collections">
<arg>${APPPATH}</arg>
<arg>Testsuite</arg>
<doc>Adds ``values`` to the end of ``list``.</doc>
<status status="PASS" starttime="20240210 18:38:30.467" endtime="20240210 18:38:30.468"/>
</kw>
<kw name="Catenate" library="BuiltIn">
<var>${TESTSUITE_DIR}</var>
<arg>SEPARATOR=${SEPERATOR}</arg>
<arg>@{APPPATH}</arg>
<doc>Catenates the given items together and returns the resulted string.</doc>
<msg timestamp="20240210 18:38:30.469" level="INFO">${TESTSUITE_DIR} = D:\code\rf-Robot_framework\App\Testsuite</msg>
<status status="PASS" starttime="20240210 18:38:30.468" endtime="20240210 18:38:30.469"/>
</kw>
<kw name="Set Global Variable" library="BuiltIn">
<arg>${TESTSUITE_DIR}</arg>
<doc>Makes a variable available globally in all tests and suites.</doc>
<msg timestamp="20240210 18:38:30.470" level="INFO">${TESTSUITE_DIR} = D:\code\rf-Robot_framework\App\Testsuite</msg>
<status status="PASS" starttime="20240210 18:38:30.469" endtime="20240210 18:38:30.470"/>
</kw>
<kw name="Remove Values From List" library="Collections">
<arg>${APPPATH}</arg>
<arg>Testsuite</arg>
<doc>Removes all occurrences of given ``values`` from ``list``.</doc>
<status status="PASS" starttime="20240210 18:38:30.470" endtime="20240210 18:38:30.471"/>
</kw>
<kw name="Load Environment Variables">
<kw name="Set Variable" library="BuiltIn">
<var>${yaml_file}</var>
<arg>${CONFIG_DIR}${SEPERATOR}config.yaml</arg>
<doc>Returns the given values which can then be assigned to a variables.</doc>
<msg timestamp="20240210 18:38:30.472" level="INFO">${yaml_file} = D:\code\rf-Robot_framework\App\Config\config.yaml</msg>
<status status="PASS" starttime="20240210 18:38:30.472" endtime="20240210 18:38:30.472"/>
</kw>
<kw name="Get File" library="OperatingSystem">
<var>${file_content}</var>
<arg>${yaml_file}</arg>
<doc>Returns the contents of a specified file.</doc>
<msg timestamp="20240210 18:38:30.473" level="INFO" html="true">Getting file '&lt;a href="file://D:\code\rf-Robot_framework\App\Config\config.yaml"&gt;D:\code\rf-Robot_framework\App\Config\config.yaml&lt;/a&gt;'.</msg>
<msg timestamp="20240210 18:38:30.474" level="INFO">${file_content} = URL: https://www.amazon.in/
ORANGEHRMSITE: https://opensource-demo.orangehrmlive.com/web/index.php/auth/login
USER: admin
</msg>
<status status="PASS" starttime="20240210 18:38:30.473" endtime="20240210 18:38:30.474"/>
</kw>
<kw name="Evaluate" library="BuiltIn">
<var>${parsed_yaml}</var>
<arg>yaml.load('''${file_content}''', Loader=yaml.FullLoader)</arg>
<doc>Evaluates the given expression in Python and returns the result.</doc>
<msg timestamp="20240210 18:38:30.476" level="INFO">${parsed_yaml} = {'URL': 'https://www.amazon.in/', 'ORANGEHRMSITE': 'https://opensource-demo.orangehrmlive.com/web/index.php/auth/login', 'USER': 'admin'}</msg>
<status status="PASS" starttime="20240210 18:38:30.474" endtime="20240210 18:38:30.476"/>
</kw>
<kw name="Get Dictionary Keys" library="Collections">
<var>${Dict_keys}</var>
<arg>${parsed_yaml}</arg>
<doc>Returns keys of the given ``dictionary`` as a list.</doc>
<msg timestamp="20240210 18:38:30.477" level="INFO">${Dict_keys} = ['ORANGEHRMSITE', 'URL', 'USER']</msg>
<status status="PASS" starttime="20240210 18:38:30.476" endtime="20240210 18:38:30.477"/>
</kw>
<kw name="Get Length" library="BuiltIn">
<var>${Dictionary_count}</var>
<arg>${Dict_keys}</arg>
<doc>Returns and logs the length of the given item as an integer.</doc>
<msg timestamp="20240210 18:38:30.478" level="INFO">Length is 3</msg>
<msg timestamp="20240210 18:38:30.478" level="INFO">${Dictionary_count} = 3</msg>
<status status="PASS" starttime="20240210 18:38:30.477" endtime="20240210 18:38:30.478"/>
</kw>
<for flavor="IN">
<var>${key}</var>
<value>@{Dict_keys}</value>
<iter>
<var name="${key}">ORANGEHRMSITE</var>
<kw name="Set Variable" library="BuiltIn">
<var>${keyname}</var>
<arg>${key}</arg>
<doc>Returns the given values which can then be assigned to a variables.</doc>
<msg timestamp="20240210 18:38:30.479" level="INFO">${keyname} = ORANGEHRMSITE</msg>
<status status="PASS" starttime="20240210 18:38:30.479" endtime="20240210 18:38:30.480"/>
</kw>
<kw name="Get From Dictionary" library="Collections">
<var>${value}</var>
<arg>${parsed_yaml}</arg>
<arg>${key}</arg>
<doc>Returns a value from the given ``dictionary`` based on the given ``key``.</doc>
<msg timestamp="20240210 18:38:30.480" level="INFO">${value} = https://opensource-demo.orangehrmlive.com/web/index.php/auth/login</msg>
<status status="PASS" starttime="20240210 18:38:30.480" endtime="20240210 18:38:30.480"/>
</kw>
<kw name="Set Global Variable" library="BuiltIn">
<arg>${${keyname}}</arg>
<arg>${value}</arg>
<doc>Makes a variable available globally in all tests and suites.</doc>
<msg timestamp="20240210 18:38:30.483" level="INFO">${ORANGEHRMSITE} = https://opensource-demo.orangehrmlive.com/web/index.php/auth/login</msg>
<status status="PASS" starttime="20240210 18:38:30.481" endtime="20240210 18:38:30.483"/>
</kw>
<status status="PASS" starttime="20240210 18:38:30.479" endtime="20240210 18:38:30.483"/>
</iter>
<iter>
<var name="${key}">URL</var>
<kw name="Set Variable" library="BuiltIn">
<var>${keyname}</var>
<arg>${key}</arg>
<doc>Returns the given values which can then be assigned to a variables.</doc>
<msg timestamp="20240210 18:38:30.484" level="INFO">${keyname} = URL</msg>
<status status="PASS" starttime="20240210 18:38:30.484" endtime="20240210 18:38:30.484"/>
</kw>
<kw name="Get From Dictionary" library="Collections">
<var>${value}</var>
<arg>${parsed_yaml}</arg>
<arg>${key}</arg>
<doc>Returns a value from the given ``dictionary`` based on the given ``key``.</doc>
<msg timestamp="20240210 18:38:30.485" level="INFO">${value} = https://www.amazon.in/</msg>
<status status="PASS" starttime="20240210 18:38:30.484" endtime="20240210 18:38:30.485"/>
</kw>
<kw name="Set Global Variable" library="BuiltIn">
<arg>${${keyname}}</arg>
<arg>${value}</arg>
<doc>Makes a variable available globally in all tests and suites.</doc>
<msg timestamp="20240210 18:38:30.488" level="INFO">${URL} = https://www.amazon.in/</msg>
<status status="PASS" starttime="20240210 18:38:30.485" endtime="20240210 18:38:30.488"/>
</kw>
<status status="PASS" starttime="20240210 18:38:30.483" endtime="20240210 18:38:30.488"/>
</iter>
<iter>
<var name="${key}">USER</var>
<kw name="Set Variable" library="BuiltIn">
<var>${keyname}</var>
<arg>${key}</arg>
<doc>Returns the given values which can then be assigned to a variables.</doc>
<msg timestamp="20240210 18:38:30.489" level="INFO">${keyname} = USER</msg>
<status status="PASS" starttime="20240210 18:38:30.488" endtime="20240210 18:38:30.489"/>
</kw>
<kw name="Get From Dictionary" library="Collections">
<var>${value}</var>
<arg>${parsed_yaml}</arg>
<arg>${key}</arg>
<doc>Returns a value from the given ``dictionary`` based on the given ``key``.</doc>
<msg timestamp="20240210 18:38:30.490" level="INFO">${value} = admin</msg>
<status status="PASS" starttime="20240210 18:38:30.489" endtime="20240210 18:38:30.490"/>
</kw>
<kw name="Set Global Variable" library="BuiltIn">
<arg>${${keyname}}</arg>
<arg>${value}</arg>
<doc>Makes a variable available globally in all tests and suites.</doc>
<msg timestamp="20240210 18:38:30.493" level="INFO">${USER} = admin</msg>
<status status="PASS" starttime="20240210 18:38:30.490" endtime="20240210 18:38:30.493"/>
</kw>
<status status="PASS" starttime="20240210 18:38:30.488" endtime="20240210 18:38:30.493"/>
</iter>
<status status="PASS" starttime="20240210 18:38:30.478" endtime="20240210 18:38:30.493"/>
</for>
<status status="PASS" starttime="20240210 18:38:30.471" endtime="20240210 18:38:30.493"/>
</kw>
<status status="PASS" starttime="20240210 18:38:30.448" endtime="20240210 18:38:30.493"/>
</kw>
<suite id="s1-s1-s1-s1" name="Demo" source="D:\code\rf-Robot_framework\App\Testsuite\demo.robot">
<test id="s1-s1-s1-s1-t1" name="add puma shoes from amazon to cart and delete it" line="11">
<kw name="go to site">
<arg>${URL}</arg>
<msg timestamp="20240210 18:38:31.042" level="FAIL">Multiple keywords with name 'go to site' found. Give the full name of the keyword you want to use:
    OrangeHRMKeywords.go to site
    homepageKeywords.go to site</msg>
<status status="FAIL" starttime="20240210 18:38:31.042" endtime="20240210 18:38:31.042"/>
</kw>
<tag>demo</tag>
<status status="FAIL" starttime="20240210 18:38:31.041" endtime="20240210 18:38:31.043">Multiple keywords with name 'go to site' found. Give the full name of the keyword you want to use:
    OrangeHRMKeywords.go to site
    homepageKeywords.go to site</status>
</test>
<doc>demo testcases for add shoes from amazon to cart and delete it using robot framework</doc>
<status status="FAIL" starttime="20240210 18:38:30.493" endtime="20240210 18:38:31.045"/>
</suite>
<suite id="s1-s1-s1-s2" name="OrangeHRM" source="D:\code\rf-Robot_framework\App\Testsuite\OrangeHRM.robot">
<test id="s1-s1-s1-s2-t1" name="Login to orange HRM site using credentials stored in keepass file" line="8">
<kw name="go to site" library="OrangeHRMKeywords">
<arg>${ORANGEHRMSITE}</arg>
<kw name="Open Browser">
<arg>${URL}</arg>
<msg timestamp="20240210 18:38:31.157" level="FAIL">No keyword with name 'Open Browser' found.</msg>
<status status="FAIL" starttime="20240210 18:38:31.157" endtime="20240210 18:38:31.158"/>
</kw>
<status status="FAIL" starttime="20240210 18:38:31.137" endtime="20240210 18:38:31.158"/>
</kw>
<kw name="login to orangeHRM" library="OrangeHRMKeywords">
<status status="NOT RUN" starttime="20240210 18:38:31.160" endtime="20240210 18:38:31.160"/>
</kw>
<tag>Login</tag>
<status status="FAIL" starttime="20240210 18:38:31.135" endtime="20240210 18:38:31.161">No keyword with name 'Open Browser' found.</status>
</test>
<doc>demo testcases for check login to orange HRM website using crendtials from keepass file</doc>
<status status="FAIL" starttime="20240210 18:38:31.054" endtime="20240210 18:38:31.164"/>
</suite>
<status status="FAIL" starttime="20240210 18:38:30.390" endtime="20240210 18:38:31.171"/>
</suite>
<status status="FAIL" starttime="20240210 18:38:30.384" endtime="20240210 18:38:31.183"/>
</suite>
<status status="FAIL" starttime="20240210 18:38:30.337" endtime="20240210 18:38:31.187"/>
</suite>
<statistics>
<total>
<stat pass="0" fail="2" skip="0">All Tests</stat>
</total>
<tag>
<stat pass="0" fail="1" skip="0">demo</stat>
<stat pass="0" fail="1" skip="0">Login</stat>
</tag>
<suite>
<stat pass="0" fail="2" skip="0" id="s1" name="rf-Robot framework">rf-Robot framework</stat>
<stat pass="0" fail="2" skip="0" id="s1-s1" name="App">rf-Robot framework.App</stat>
<stat pass="0" fail="2" skip="0" id="s1-s1-s1" name="Testsuite">rf-Robot framework.App.Testsuite</stat>
<stat pass="0" fail="1" skip="0" id="s1-s1-s1-s1" name="Demo">rf-Robot framework.App.Testsuite.Demo</stat>
<stat pass="0" fail="1" skip="0" id="s1-s1-s1-s2" name="OrangeHRM">rf-Robot framework.App.Testsuite.OrangeHRM</stat>
</suite>
</statistics>
<errors>
<msg timestamp="20240210 18:38:30.444" level="ERROR">Error in file 'D:\code\rf-Robot_framework\App\Testsuite' on line 5: Importing library 'YAML' failed: ModuleNotFoundError: No module named 'YAML'
Traceback (most recent call last):
  None
PYTHONPATH:
  D:\code\rf-Robot_framework\venv\Scripts\robot.exe
  C:\Users\Vivek\AppData\Local\Programs\Python\Python37\python37.zip
  C:\Users\Vivek\AppData\Local\Programs\Python\Python37\DLLs
  C:\Users\Vivek\AppData\Local\Programs\Python\Python37\lib
  C:\Users\Vivek\AppData\Local\Programs\Python\Python37
  d:\code\rf-robot_framework\venv
  d:\code\rf-robot_framework\venv\lib\site-packages</msg>
<msg timestamp="20240210 18:38:30.614" level="ERROR">Error in file 'D:\code\rf-Robot_framework\App\Resources\common\AllImports.robot' on line 2: Importing library 'SeleniumLibrary' failed: ImportError: urllib3 v2.0 only supports OpenSSL 1.1.1+, currently the 'ssl' module is compiled with 'OpenSSL 1.1.0j  20 Nov 2018'. See: https://github.com/urllib3/urllib3/issues/2168
Traceback (most recent call last):
  File "d:\code\rf-robot_framework\venv\lib\site-packages\SeleniumLibrary\__init__.py", line 28, in &lt;module&gt;
    from selenium.webdriver.remote.webdriver import WebDriver
  File "d:\code\rf-robot_framework\venv\lib\site-packages\selenium\webdriver\__init__.py", line 20, in &lt;module&gt;
    from .chrome.webdriver import WebDriver as Chrome  # noqa
  File "d:\code\rf-robot_framework\venv\lib\site-packages\selenium\webdriver\chrome\webdriver.py", line 18, in &lt;module&gt;
    from selenium.webdriver.chromium.webdriver import ChromiumDriver
  File "d:\code\rf-robot_framework\venv\lib\site-packages\selenium\webdriver\chromium\webdriver.py", line 18, in &lt;module&gt;
    from selenium.webdriver.chromium.remote_connection import ChromiumRemoteConnection
  File "d:\code\rf-robot_framework\venv\lib\site-packages\selenium\webdriver\chromium\remote_connection.py", line 18, in &lt;module&gt;
    from selenium.webdriver.remote.remote_connection import RemoteConnection
  File "d:\code\rf-robot_framework\venv\lib\site-packages\selenium\webdriver\remote\remote_connection.py", line 27, in &lt;module&gt;
    import urllib3
  File "d:\code\rf-robot_framework\venv\lib\site-packages\urllib3\__init__.py", line 42, in &lt;module&gt;
    "urllib3 v2.0 only supports OpenSSL 1.1.1+, currently "
PYTHONPATH:
  D:\code\rf-Robot_framework\venv\Scripts\robot.exe
  C:\Users\Vivek\AppData\Local\Programs\Python\Python37\python37.zip
  C:\Users\Vivek\AppData\Local\Programs\Python\Python37\DLLs
  C:\Users\Vivek\AppData\Local\Programs\Python\Python37\lib
  C:\Users\Vivek\AppData\Local\Programs\Python\Python37
  d:\code\rf-robot_framework\venv
  d:\code\rf-robot_framework\venv\lib\site-packages</msg>
<msg timestamp="20240210 18:38:31.020" level="ERROR">Error in file 'D:\code\rf-Robot_framework\App\Resources\HomePage\homepageKeywords.robot' on line 4: Importing library 'SeleniumLibrary' failed: ImportError: urllib3 v2.0 only supports OpenSSL 1.1.1+, currently the 'ssl' module is compiled with 'OpenSSL 1.1.0j  20 Nov 2018'. See: https://github.com/urllib3/urllib3/issues/2168
Traceback (most recent call last):
  File "d:\code\rf-robot_framework\venv\lib\site-packages\SeleniumLibrary\__init__.py", line 28, in &lt;module&gt;
    from selenium.webdriver.remote.webdriver import WebDriver
  File "d:\code\rf-robot_framework\venv\lib\site-packages\selenium\webdriver\remote\webdriver.py", line 51, in &lt;module&gt;
    from selenium.webdriver.support.relative_locator import RelativeBy
  File "d:\code\rf-robot_framework\venv\lib\site-packages\selenium\webdriver\__init__.py", line 20, in &lt;module&gt;
    from .chrome.webdriver import WebDriver as Chrome  # noqa
  File "d:\code\rf-robot_framework\venv\lib\site-packages\selenium\webdriver\chrome\webdriver.py", line 18, in &lt;module&gt;
    from selenium.webdriver.chromium.webdriver import ChromiumDriver
  File "d:\code\rf-robot_framework\venv\lib\site-packages\selenium\webdriver\chromium\webdriver.py", line 18, in &lt;module&gt;
    from selenium.webdriver.chromium.remote_connection import ChromiumRemoteConnection
  File "d:\code\rf-robot_framework\venv\lib\site-packages\selenium\webdriver\chromium\remote_connection.py", line 18, in &lt;module&gt;
    from selenium.webdriver.remote.remote_connection import RemoteConnection
  File "d:\code\rf-robot_framework\venv\lib\site-packages\selenium\webdriver\remote\remote_connection.py", line 27, in &lt;module&gt;
    import urllib3
  File "d:\code\rf-robot_framework\venv\lib\site-packages\urllib3\__init__.py", line 42, in &lt;module&gt;
    "urllib3 v2.0 only supports OpenSSL 1.1.1+, currently "
PYTHONPATH:
  D:\code\rf-Robot_framework\venv\Scripts\robot.exe
  C:\Users\Vivek\AppData\Local\Programs\Python\Python37\python37.zip
  C:\Users\Vivek\AppData\Local\Programs\Python\Python37\DLLs
  C:\Users\Vivek\AppData\Local\Programs\Python\Python37\lib
  C:\Users\Vivek\AppData\Local\Programs\Python\Python37
  d:\code\rf-robot_framework\venv
  d:\code\rf-robot_framework\venv\lib\site-packages</msg>
<msg timestamp="20240210 18:38:31.035" level="ERROR">Error in file 'D:\code\rf-Robot_framework\App\Resources\Login\OrangeHRMKeywords.robot' on line 4: Importing library 'SeleniumLibrary' failed: ImportError: urllib3 v2.0 only supports OpenSSL 1.1.1+, currently the 'ssl' module is compiled with 'OpenSSL 1.1.0j  20 Nov 2018'. See: https://github.com/urllib3/urllib3/issues/2168
Traceback (most recent call last):
  File "d:\code\rf-robot_framework\venv\lib\site-packages\SeleniumLibrary\__init__.py", line 28, in &lt;module&gt;
    from selenium.webdriver.remote.webdriver import WebDriver
  File "d:\code\rf-robot_framework\venv\lib\site-packages\selenium\webdriver\remote\webdriver.py", line 51, in &lt;module&gt;
    from selenium.webdriver.support.relative_locator import RelativeBy
  File "d:\code\rf-robot_framework\venv\lib\site-packages\selenium\webdriver\__init__.py", line 20, in &lt;module&gt;
    from .chrome.webdriver import WebDriver as Chrome  # noqa
  File "d:\code\rf-robot_framework\venv\lib\site-packages\selenium\webdriver\chrome\webdriver.py", line 18, in &lt;module&gt;
    from selenium.webdriver.chromium.webdriver import ChromiumDriver
  File "d:\code\rf-robot_framework\venv\lib\site-packages\selenium\webdriver\chromium\webdriver.py", line 18, in &lt;module&gt;
    from selenium.webdriver.chromium.remote_connection import ChromiumRemoteConnection
  File "d:\code\rf-robot_framework\venv\lib\site-packages\selenium\webdriver\chromium\remote_connection.py", line 18, in &lt;module&gt;
    from selenium.webdriver.remote.remote_connection import RemoteConnection
  File "d:\code\rf-robot_framework\venv\lib\site-packages\selenium\webdriver\remote\remote_connection.py", line 27, in &lt;module&gt;
    import urllib3
  File "d:\code\rf-robot_framework\venv\lib\site-packages\urllib3\__init__.py", line 42, in &lt;module&gt;
    "urllib3 v2.0 only supports OpenSSL 1.1.1+, currently "
PYTHONPATH:
  D:\code\rf-Robot_framework\venv\Scripts\robot.exe
  C:\Users\Vivek\AppData\Local\Programs\Python\Python37\python37.zip
  C:\Users\Vivek\AppData\Local\Programs\Python\Python37\DLLs
  C:\Users\Vivek\AppData\Local\Programs\Python\Python37\lib
  C:\Users\Vivek\AppData\Local\Programs\Python\Python37
  d:\code\rf-robot_framework\venv
  d:\code\rf-robot_framework\venv\lib\site-packages</msg>
<msg timestamp="20240210 18:38:31.073" level="ERROR">Error in file 'D:\code\rf-Robot_framework\App\Resources\HomePage\homepageKeywords.robot' on line 4: Importing library 'SeleniumLibrary' failed: ImportError: urllib3 v2.0 only supports OpenSSL 1.1.1+, currently the 'ssl' module is compiled with 'OpenSSL 1.1.0j  20 Nov 2018'. See: https://github.com/urllib3/urllib3/issues/2168
Traceback (most recent call last):
  File "d:\code\rf-robot_framework\venv\lib\site-packages\SeleniumLibrary\__init__.py", line 28, in &lt;module&gt;
    from selenium.webdriver.remote.webdriver import WebDriver
  File "d:\code\rf-robot_framework\venv\lib\site-packages\selenium\webdriver\remote\webdriver.py", line 51, in &lt;module&gt;
    from selenium.webdriver.support.relative_locator import RelativeBy
  File "d:\code\rf-robot_framework\venv\lib\site-packages\selenium\webdriver\__init__.py", line 20, in &lt;module&gt;
    from .chrome.webdriver import WebDriver as Chrome  # noqa
  File "d:\code\rf-robot_framework\venv\lib\site-packages\selenium\webdriver\chrome\webdriver.py", line 18, in &lt;module&gt;
    from selenium.webdriver.chromium.webdriver import ChromiumDriver
  File "d:\code\rf-robot_framework\venv\lib\site-packages\selenium\webdriver\chromium\webdriver.py", line 18, in &lt;module&gt;
    from selenium.webdriver.chromium.remote_connection import ChromiumRemoteConnection
  File "d:\code\rf-robot_framework\venv\lib\site-packages\selenium\webdriver\chromium\remote_connection.py", line 18, in &lt;module&gt;
    from selenium.webdriver.remote.remote_connection import RemoteConnection
  File "d:\code\rf-robot_framework\venv\lib\site-packages\selenium\webdriver\remote\remote_connection.py", line 27, in &lt;module&gt;
    import urllib3
  File "d:\code\rf-robot_framework\venv\lib\site-packages\urllib3\__init__.py", line 42, in &lt;module&gt;
    "urllib3 v2.0 only supports OpenSSL 1.1.1+, currently "
PYTHONPATH:
  D:\code\rf-Robot_framework\venv\Scripts\robot.exe
  C:\Users\Vivek\AppData\Local\Programs\Python\Python37\python37.zip
  C:\Users\Vivek\AppData\Local\Programs\Python\Python37\DLLs
  C:\Users\Vivek\AppData\Local\Programs\Python\Python37\lib
  C:\Users\Vivek\AppData\Local\Programs\Python\Python37
  d:\code\rf-robot_framework\venv
  d:\code\rf-robot_framework\venv\lib\site-packages</msg>
<msg timestamp="20240210 18:38:31.093" level="ERROR">Error in file 'D:\code\rf-Robot_framework\App\Resources\common\AllImports.robot' on line 2: Importing library 'SeleniumLibrary' failed: ImportError: urllib3 v2.0 only supports OpenSSL 1.1.1+, currently the 'ssl' module is compiled with 'OpenSSL 1.1.0j  20 Nov 2018'. See: https://github.com/urllib3/urllib3/issues/2168
Traceback (most recent call last):
  File "d:\code\rf-robot_framework\venv\lib\site-packages\SeleniumLibrary\__init__.py", line 28, in &lt;module&gt;
    from selenium.webdriver.remote.webdriver import WebDriver
  File "d:\code\rf-robot_framework\venv\lib\site-packages\selenium\webdriver\remote\webdriver.py", line 51, in &lt;module&gt;
    from selenium.webdriver.support.relative_locator import RelativeBy
  File "d:\code\rf-robot_framework\venv\lib\site-packages\selenium\webdriver\__init__.py", line 20, in &lt;module&gt;
    from .chrome.webdriver import WebDriver as Chrome  # noqa
  File "d:\code\rf-robot_framework\venv\lib\site-packages\selenium\webdriver\chrome\webdriver.py", line 18, in &lt;module&gt;
    from selenium.webdriver.chromium.webdriver import ChromiumDriver
  File "d:\code\rf-robot_framework\venv\lib\site-packages\selenium\webdriver\chromium\webdriver.py", line 18, in &lt;module&gt;
    from selenium.webdriver.chromium.remote_connection import ChromiumRemoteConnection
  File "d:\code\rf-robot_framework\venv\lib\site-packages\selenium\webdriver\chromium\remote_connection.py", line 18, in &lt;module&gt;
    from selenium.webdriver.remote.remote_connection import RemoteConnection
  File "d:\code\rf-robot_framework\venv\lib\site-packages\selenium\webdriver\remote\remote_connection.py", line 27, in &lt;module&gt;
    import urllib3
  File "d:\code\rf-robot_framework\venv\lib\site-packages\urllib3\__init__.py", line 42, in &lt;module&gt;
    "urllib3 v2.0 only supports OpenSSL 1.1.1+, currently "
PYTHONPATH:
  D:\code\rf-Robot_framework\venv\Scripts\robot.exe
  C:\Users\Vivek\AppData\Local\Programs\Python\Python37\python37.zip
  C:\Users\Vivek\AppData\Local\Programs\Python\Python37\DLLs
  C:\Users\Vivek\AppData\Local\Programs\Python\Python37\lib
  C:\Users\Vivek\AppData\Local\Programs\Python\Python37
  d:\code\rf-robot_framework\venv
  d:\code\rf-robot_framework\venv\lib\site-packages</msg>
<msg timestamp="20240210 18:38:31.127" level="ERROR">Error in file 'D:\code\rf-Robot_framework\App\Resources\Login\OrangeHRMKeywords.robot' on line 4: Importing library 'SeleniumLibrary' failed: ImportError: urllib3 v2.0 only supports OpenSSL 1.1.1+, currently the 'ssl' module is compiled with 'OpenSSL 1.1.0j  20 Nov 2018'. See: https://github.com/urllib3/urllib3/issues/2168
Traceback (most recent call last):
  File "d:\code\rf-robot_framework\venv\lib\site-packages\SeleniumLibrary\__init__.py", line 28, in &lt;module&gt;
    from selenium.webdriver.remote.webdriver import WebDriver
  File "d:\code\rf-robot_framework\venv\lib\site-packages\selenium\webdriver\remote\webdriver.py", line 51, in &lt;module&gt;
    from selenium.webdriver.support.relative_locator import RelativeBy
  File "d:\code\rf-robot_framework\venv\lib\site-packages\selenium\webdriver\__init__.py", line 20, in &lt;module&gt;
    from .chrome.webdriver import WebDriver as Chrome  # noqa
  File "d:\code\rf-robot_framework\venv\lib\site-packages\selenium\webdriver\chrome\webdriver.py", line 18, in &lt;module&gt;
    from selenium.webdriver.chromium.webdriver import ChromiumDriver
  File "d:\code\rf-robot_framework\venv\lib\site-packages\selenium\webdriver\chromium\webdriver.py", line 18, in &lt;module&gt;
    from selenium.webdriver.chromium.remote_connection import ChromiumRemoteConnection
  File "d:\code\rf-robot_framework\venv\lib\site-packages\selenium\webdriver\chromium\remote_connection.py", line 18, in &lt;module&gt;
    from selenium.webdriver.remote.remote_connection import RemoteConnection
  File "d:\code\rf-robot_framework\venv\lib\site-packages\selenium\webdriver\remote\remote_connection.py", line 27, in &lt;module&gt;
    import urllib3
  File "d:\code\rf-robot_framework\venv\lib\site-packages\urllib3\__init__.py", line 42, in &lt;module&gt;
    "urllib3 v2.0 only supports OpenSSL 1.1.1+, currently "
PYTHONPATH:
  D:\code\rf-Robot_framework\venv\Scripts\robot.exe
  C:\Users\Vivek\AppData\Local\Programs\Python\Python37\python37.zip
  C:\Users\Vivek\AppData\Local\Programs\Python\Python37\DLLs
  C:\Users\Vivek\AppData\Local\Programs\Python\Python37\lib
  C:\Users\Vivek\AppData\Local\Programs\Python\Python37
  d:\code\rf-robot_framework\venv
  d:\code\rf-robot_framework\venv\lib\site-packages</msg>
</errors>
</robot>
